Flow report for softcore_processor
Thu Nov 27 13:04:18 2025
Quartus Prime Version 18.1.0 Build 625 09/12/2018 SJ Lite Edition


---------------------
; Table of Contents ;
---------------------
  1. Legal Notice
  2. Flow Summary
  3. Flow Settings
  4. Flow Non-Default Global Settings
  5. Flow Elapsed Time
  6. Flow OS Summary
  7. Flow Log
  8. Flow Messages
  9. Flow Suppressed Messages



----------------
; Legal Notice ;
----------------
Copyright (C) 2018  Intel Corporation. All rights reserved.
Your use of Intel Corporation's design tools, logic functions 
and other software and tools, and its AMPP partner logic 
functions, and any output files from any of the foregoing 
(including device programming or simulation files), and any 
associated documentation or information are expressly subject 
to the terms and conditions of the Intel Program License 
Subscription Agreement, the Intel Quartus Prime License Agreement,
the Intel FPGA IP License Agreement, or other applicable license
agreement, including, without limitation, that your use is for
the sole purpose of programming logic devices manufactured by
Intel and sold by Intel or its authorized distributors.  Please
refer to the applicable agreement for further details.



+----------------------------------------------------------------------------------+
; Flow Summary                                                                     ;
+------------------------------------+---------------------------------------------+
; Flow Status                        ; Successful - Thu Nov 27 13:04:13 2025       ;
; Quartus Prime Version              ; 18.1.0 Build 625 09/12/2018 SJ Lite Edition ;
; Revision Name                      ; softcore_processor                          ;
; Top-level Entity Name              ; fsoc_lab                                    ;
; Family                             ; MAX 10                                      ;
; Device                             ; 10M50DAF484C6GES                            ;
; Timing Models                      ; Preliminary                                 ;
; Total logic elements               ; 3,384 / 49,760 ( 7 % )                      ;
;     Total combinational functions  ; 2,965 / 49,760 ( 6 % )                      ;
;     Dedicated logic registers      ; 2,033 / 49,760 ( 4 % )                      ;
; Total registers                    ; 2033                                        ;
; Total pins                         ; 12 / 360 ( 3 % )                            ;
; Total virtual pins                 ; 0                                           ;
; Total memory bits                  ; 383,360 / 1,677,312 ( 23 % )                ;
; Embedded Multiplier 9-bit elements ; 6 / 288 ( 2 % )                             ;
; Total PLLs                         ; 0 / 4 ( 0 % )                               ;
; UFM blocks                         ; 0 / 1 ( 0 % )                               ;
; ADC blocks                         ; 0 / 2 ( 0 % )                               ;
+------------------------------------+---------------------------------------------+


+-----------------------------------------+
; Flow Settings                           ;
+-------------------+---------------------+
; Option            ; Setting             ;
+-------------------+---------------------+
; Start date & time ; 11/27/2025 13:03:03 ;
; Main task         ; Compilation         ;
; Revision Name     ; softcore_processor  ;
+-------------------+---------------------+


+----------------------------------------------------------------------------------------------------------------------------------+
; Flow Non-Default Global Settings                                                                                                 ;
+-------------------------------------+----------------------------------------+--------------------+-------------+----------------+
; Assignment Name                     ; Value                                  ; Default Value      ; Entity Name ; Section Id     ;
+-------------------------------------+----------------------------------------+--------------------+-------------+----------------+
; COMPILER_SIGNATURE_ID               ; 128457591632975.176424498301596        ; --                 ; --          ; --             ;
; EDA_OUTPUT_DATA_FORMAT              ; None                                   ; --                 ; --          ; eda_simulation ;
; EDA_TIME_SCALE                      ; 1 ps                                   ; --                 ; --          ; eda_simulation ;
; IOBANK_VCCIO                        ; 2.5V                                   ; --                 ; --          ; 1A             ;
; IOBANK_VCCIO                        ; 2.5V                                   ; --                 ; --          ; 1B             ;
; IOBANK_VCCIO                        ; 2.5V                                   ; --                 ; --          ; 2              ;
; IOBANK_VCCIO                        ; 3.3V                                   ; --                 ; --          ; 3              ;
; IOBANK_VCCIO                        ; 3.3V                                   ; --                 ; --          ; 4              ;
; IOBANK_VCCIO                        ; 1.5V                                   ; --                 ; --          ; 5              ;
; IOBANK_VCCIO                        ; 1.5V                                   ; --                 ; --          ; 6              ;
; IOBANK_VCCIO                        ; 1.8V                                   ; --                 ; --          ; 7              ;
; IOBANK_VCCIO                        ; 1.2V                                   ; --                 ; --          ; 8              ;
; MAX_CORE_JUNCTION_TEMP              ; 85                                     ; --                 ; --          ; --             ;
; MIN_CORE_JUNCTION_TEMP              ; 0                                      ; --                 ; --          ; --             ;
; PARTITION_COLOR                     ; -- (Not supported for targeted family) ; --                 ; fsoc_lab    ; Top            ;
; PARTITION_FITTER_PRESERVATION_LEVEL ; -- (Not supported for targeted family) ; --                 ; fsoc_lab    ; Top            ;
; PARTITION_NETLIST_TYPE              ; -- (Not supported for targeted family) ; --                 ; fsoc_lab    ; Top            ;
; POWER_BOARD_THERMAL_MODEL           ; None (CONSERVATIVE)                    ; --                 ; --          ; --             ;
; POWER_PRESET_COOLING_SOLUTION       ; 23 MM HEAT SINK WITH 200 LFPM AIRFLOW  ; --                 ; --          ; --             ;
; PROJECT_OUTPUT_DIRECTORY            ; output_files                           ; --                 ; --          ; --             ;
; TOP_LEVEL_ENTITY                    ; fsoc_lab                               ; softcore_processor ; --          ; --             ;
+-------------------------------------+----------------------------------------+--------------------+-------------+----------------+


+--------------------------------------------------------------------------------------------------------------------------+
; Flow Elapsed Time                                                                                                        ;
+----------------------+--------------+-------------------------+---------------------+------------------------------------+
; Module Name          ; Elapsed Time ; Average Processors Used ; Peak Virtual Memory ; Total CPU Time (on all processors) ;
+----------------------+--------------+-------------------------+---------------------+------------------------------------+
; Analysis & Synthesis ; 00:00:48     ; 1.0                     ; 5016 MB             ; 00:01:22                           ;
; Fitter               ; 00:00:15     ; 1.8                     ; 6679 MB             ; 00:00:28                           ;
; Assembler            ; 00:00:02     ; 1.0                     ; 4706 MB             ; 00:00:02                           ;
; Timing Analyzer      ; 00:00:04     ; 2.8                     ; 5009 MB             ; 00:00:07                           ;
; Total                ; 00:01:09     ; --                      ; --                  ; 00:01:59                           ;
+----------------------+--------------+-------------------------+---------------------+------------------------------------+


+------------------------------------------------------------------------------------+
; Flow OS Summary                                                                    ;
+----------------------+------------------+------------+------------+----------------+
; Module Name          ; Machine Hostname ; OS Name    ; OS Version ; Processor type ;
+----------------------+------------------+------------+------------+----------------+
; Analysis & Synthesis ; LAPTOP-93K7L81Q  ; Windows 10 ; 10.0       ; x86_64         ;
; Fitter               ; LAPTOP-93K7L81Q  ; Windows 10 ; 10.0       ; x86_64         ;
; Assembler            ; LAPTOP-93K7L81Q  ; Windows 10 ; 10.0       ; x86_64         ;
; Timing Analyzer      ; LAPTOP-93K7L81Q  ; Windows 10 ; 10.0       ; x86_64         ;
+----------------------+------------------+------------+------------+----------------+


------------
; Flow Log ;
------------
quartus_map --read_settings_files=on --write_settings_files=off softcore_processor -c softcore_processor
quartus_fit --read_settings_files=off --write_settings_files=off softcore_processor -c softcore_processor
quartus_asm --read_settings_files=off --write_settings_files=off softcore_processor -c softcore_processor
quartus_sta softcore_processor -c softcore_processor



